<?xml version="1.0" encoding="UTF-8"?>
<testng-results ignored="0" total="1" passed="1" failed="0" skipped="0">
  <reporter-output>
  </reporter-output>
  <suite started-at="2024-08-21T11:09:52 IST" name="Default suite" finished-at="2024-08-21T11:10:31 IST" duration-ms="39173">
    <groups>
    </groups>
    <test started-at="2024-08-21T11:09:52 IST" name="Default test" finished-at="2024-08-21T11:10:31 IST" duration-ms="39173">
      <class name="com.Deploy.customscript_16">
        <test-method signature="customscript()[pri:0, instance:com.Deploy.customscript_16@50b472aa]" started-at="2024-08-21T11:09:52 IST" name="customscript" description="Verify customscript" finished-at="2024-08-21T11:10:31 IST" duration-ms="39123" status="PASS">
          <reporter-output>
          </reporter-output>
        </test-method> <!-- customscript -->
      </class> <!-- com.Deploy.customscript_16 -->
    </test> <!-- Default test -->
  </suite> <!-- Default suite -->
</testng-results>
